<?xml version="1.0" encoding="UTF-8"?>
<!-- Generated by org.testng.reporters.JUnitXMLReporter -->
<testsuite ignored="0" hostname="ErugulaChinnakashiReddy-9967" failures="0" tests="4" name="Test" time="9.005" errors="0" timestamp="24 Jul 2023 17:19:56 GMT">
  <testcase classname="api.test.UserTests2" name="tetsPostUser" time="3.085"/>
  <testcase classname="api.test.UserTests2" name="testGetUserByName" time="1.137"/>
  <testcase classname="api.test.UserTests2" name="testUpdateUserByName" time="2.259"/>
  <testcase classname="api.test.UserTests2" name="testDeleteUserByName" time="1.114"/>
</testsuite> <!-- Test -->
