<?xml version="1.0" encoding="UTF-8"?>
<testng-results ignored="0" total="4" passed="4" failed="0" skipped="0">
  <reporter-output>
  </reporter-output>
  <suite started-at="2023-07-25T04:47:59Z" name="Suite" finished-at="2023-07-25T04:48:08Z" duration-ms="8902">
    <groups>
    </groups>
    <test started-at="2023-07-25T04:47:59Z" name="Test" finished-at="2023-07-25T04:48:08Z" duration-ms="8902">
      <class name="api.test.UserTests2">
        <test-method is-config="true" signature="setup()[pri:0, instance:api.test.UserTests2@7aaca91a]" started-at="2023-07-25T04:48:00Z" name="setup" finished-at="2023-07-25T04:48:01Z" duration-ms="850" status="PASS">
          <reporter-output>
          </reporter-output>
        </test-method> <!-- setup -->
        <test-method signature="tetsPostUser()[pri:1, instance:api.test.UserTests2@7aaca91a]" started-at="2023-07-25T04:48:01Z" name="tetsPostUser" finished-at="2023-07-25T04:48:04Z" duration-ms="3182" status="PASS">
          <reporter-output>
          </reporter-output>
        </test-method> <!-- tetsPostUser -->
        <test-method signature="testGetUserByName()[pri:2, instance:api.test.UserTests2@7aaca91a]" started-at="2023-07-25T04:48:04Z" name="testGetUserByName" finished-at="2023-07-25T04:48:05Z" duration-ms="1207" status="PASS">
          <reporter-output>
          </reporter-output>
        </test-method> <!-- testGetUserByName -->
        <test-method signature="testUpdateUserByName()[pri:3, instance:api.test.UserTests2@7aaca91a]" started-at="2023-07-25T04:48:05Z" name="testUpdateUserByName" finished-at="2023-07-25T04:48:07Z" duration-ms="2261" status="PASS">
          <reporter-output>
          </reporter-output>
        </test-method> <!-- testUpdateUserByName -->
        <test-method signature="testDeleteUserByName()[pri:4, instance:api.test.UserTests2@7aaca91a]" started-at="2023-07-25T04:48:07Z" name="testDeleteUserByName" finished-at="2023-07-25T04:48:08Z" duration-ms="1126" status="PASS">
          <reporter-output>
          </reporter-output>
        </test-method> <!-- testDeleteUserByName -->
      </class> <!-- api.test.UserTests2 -->
    </test> <!-- Test -->
  </suite> <!-- Suite -->
</testng-results>
