<?xml version="1.0" encoding="UTF-8"?>
<testng-results ignored="0" total="4" passed="4" failed="0" skipped="0">
  <reporter-output>
  </reporter-output>
  <suite started-at="2023-07-24T17:19:47Z" name="Suite" finished-at="2023-07-24T17:19:56Z" duration-ms="9005">
    <groups>
    </groups>
    <test started-at="2023-07-24T17:19:47Z" name="Test" finished-at="2023-07-24T17:19:56Z" duration-ms="9005">
      <class name="api.test.UserTests2">
        <test-method is-config="true" signature="setup()[pri:0, instance:api.test.UserTests2@54504ecd]" started-at="2023-07-24T17:19:48Z" name="setup" finished-at="2023-07-24T17:19:49Z" duration-ms="986" status="PASS">
          <reporter-output>
          </reporter-output>
        </test-method> <!-- setup -->
        <test-method signature="tetsPostUser()[pri:1, instance:api.test.UserTests2@54504ecd]" started-at="2023-07-24T17:19:49Z" name="tetsPostUser" finished-at="2023-07-24T17:19:52Z" duration-ms="3085" status="PASS">
          <reporter-output>
          </reporter-output>
        </test-method> <!-- tetsPostUser -->
        <test-method signature="testGetUserByName()[pri:2, instance:api.test.UserTests2@54504ecd]" started-at="2023-07-24T17:19:52Z" name="testGetUserByName" finished-at="2023-07-24T17:19:53Z" duration-ms="1137" status="PASS">
          <reporter-output>
          </reporter-output>
        </test-method> <!-- testGetUserByName -->
        <test-method signature="testUpdateUserByName()[pri:3, instance:api.test.UserTests2@54504ecd]" started-at="2023-07-24T17:19:53Z" name="testUpdateUserByName" finished-at="2023-07-24T17:19:55Z" duration-ms="2259" status="PASS">
          <reporter-output>
          </reporter-output>
        </test-method> <!-- testUpdateUserByName -->
        <test-method signature="testDeleteUserByName()[pri:4, instance:api.test.UserTests2@54504ecd]" started-at="2023-07-24T17:19:55Z" name="testDeleteUserByName" finished-at="2023-07-24T17:19:56Z" duration-ms="1114" status="PASS">
          <reporter-output>
          </reporter-output>
        </test-method> <!-- testDeleteUserByName -->
      </class> <!-- api.test.UserTests2 -->
    </test> <!-- Test -->
  </suite> <!-- Suite -->
</testng-results>
